Command line invocation:
    /Applications/Xcode-beta.app/Contents/Developer/usr/bin/xcodebuild clean build

CreateBuildRequest

SendProjectDescription

CreateBuildOperation

** CLEAN SUCCEEDED **

ComputePackagePrebuildTargetDependencyGraph

Prepare packages

CreateBuildRequest

SendProjectDescription

CreateBuildOperation

ComputeTargetDependencyGraph
note: Building targets in dependency order
note: Target dependency graph (1 target)
    Target 'MomentumFinance' in project 'MomentumFinance' (no dependencies)

GatherProvisioningInputs

CreateBuildDescription

ExecuteExternalTool /Applications/Xcode-beta.app/Contents/Developer/usr/bin/actool --print-asset-tag-combinations --output-format xml1 /Users/danielstevens/Desktop/Code/Projects/MomentumFinance/MomentumFinance/Preview Content/Preview Assets.xcassets /Users/danielstevens/Desktop/Code/Projects/MomentumFinance/MomentumFinance/Assets.xcassets

ExecuteExternalTool /Applications/Xcode-beta.app/Contents/Developer/Toolchains/XcodeDefault.xctoolchain/usr/bin/clang -v -E -dM -isysroot /Applications/Xcode-beta.app/Contents/Developer/Platforms/iPhoneOS.platform/Developer/SDKs/iPhoneOS26.0.sdk -x c -c /dev/null

ExecuteExternalTool /Applications/Xcode-beta.app/Contents/Developer/usr/bin/actool --version --output-format xml1

ExecuteExternalTool /Applications/Xcode-beta.app/Contents/Developer/Toolchains/XcodeDefault.xctoolchain/usr/bin/swiftc --version

ExecuteExternalTool /Applications/Xcode-beta.app/Contents/Developer/Toolchains/XcodeDefault.xctoolchain/usr/bin/ld -version_details

Build description signature: 9399106d13c4d144ad3c83eac756b381
Build description path: /Users/danielstevens/Desktop/Code/Projects/MomentumFinance/build/XCBuildData/9399106d13c4d144ad3c83eac756b381.xcbuilddata
ClangStatCache /Applications/Xcode-beta.app/Contents/Developer/Toolchains/XcodeDefault.xctoolchain/usr/bin/clang-stat-cache /Applications/Xcode-beta.app/Contents/Developer/Platforms/iPhoneOS.platform/Developer/SDKs/iPhoneOS26.0.sdk /var/folders/5d/2rv91jzx16j4g9knxlbqh9rm0000gn/C/com.apple.DeveloperTools/26.0-17A5241e/Xcode/SDKStatCaches.noindex/iphoneos26.0-23A5260k-6e34d0abcd5d556b4ff52abc730e661d.sdkstatcache
    cd /Users/danielstevens/Desktop/Code/Projects/MomentumFinance/MomentumFinance.xcodeproj
    /Applications/Xcode-beta.app/Contents/Developer/Toolchains/XcodeDefault.xctoolchain/usr/bin/clang-stat-cache /Applications/Xcode-beta.app/Contents/Developer/Platforms/iPhoneOS.platform/Developer/SDKs/iPhoneOS26.0.sdk -o /var/folders/5d/2rv91jzx16j4g9knxlbqh9rm0000gn/C/com.apple.DeveloperTools/26.0-17A5241e/Xcode/SDKStatCaches.noindex/iphoneos26.0-23A5260k-6e34d0abcd5d556b4ff52abc730e661d.sdkstatcache

CreateBuildDirectory /Users/danielstevens/Desktop/Code/Projects/MomentumFinance/build
    cd /Users/danielstevens/Desktop/Code/Projects/MomentumFinance/MomentumFinance.xcodeproj
    builtin-create-build-directory /Users/danielstevens/Desktop/Code/Projects/MomentumFinance/build

CreateBuildDirectory /Users/danielstevens/Desktop/Code/Projects/MomentumFinance/build/Release-iphoneos
    cd /Users/danielstevens/Desktop/Code/Projects/MomentumFinance/MomentumFinance.xcodeproj
    builtin-create-build-directory /Users/danielstevens/Desktop/Code/Projects/MomentumFinance/build/Release-iphoneos

WriteAuxiliaryFile /Users/danielstevens/Desktop/Code/Projects/MomentumFinance/build/MomentumFinance.build/Release-iphoneos/MomentumFinance-a3a91662bc048d87641d9fdb414e25bb-VFS-iphoneos/all-product-headers.yaml
    cd /Users/danielstevens/Desktop/Code/Projects/MomentumFinance/MomentumFinance.xcodeproj
    write-file /Users/danielstevens/Desktop/Code/Projects/MomentumFinance/build/MomentumFinance.build/Release-iphoneos/MomentumFinance-a3a91662bc048d87641d9fdb414e25bb-VFS-iphoneos/all-product-headers.yaml

CreateBuildDirectory /Users/danielstevens/Desktop/Code/Projects/MomentumFinance/build/EagerLinkingTBDs/Release-iphoneos
    cd /Users/danielstevens/Desktop/Code/Projects/MomentumFinance/MomentumFinance.xcodeproj
    builtin-create-build-directory /Users/danielstevens/Desktop/Code/Projects/MomentumFinance/build/EagerLinkingTBDs/Release-iphoneos

WriteAuxiliaryFile /Users/danielstevens/Desktop/Code/Projects/MomentumFinance/build/MomentumFinance.build/Release-iphoneos/MomentumFinance.build/Objects-normal/arm64/MomentumFinance_const_extract_protocols.json (in target 'MomentumFinance' from project 'MomentumFinance')
    cd /Users/danielstevens/Desktop/Code/Projects/MomentumFinance
    write-file /Users/danielstevens/Desktop/Code/Projects/MomentumFinance/build/MomentumFinance.build/Release-iphoneos/MomentumFinance.build/Objects-normal/arm64/MomentumFinance_const_extract_protocols.json

WriteAuxiliaryFile /Users/danielstevens/Desktop/Code/Projects/MomentumFinance/build/MomentumFinance.build/Release-iphoneos/MomentumFinance.build/Objects-normal/arm64/MomentumFinance.SwiftFileList (in target 'MomentumFinance' from project 'MomentumFinance')
    cd /Users/danielstevens/Desktop/Code/Projects/MomentumFinance
    write-file /Users/danielstevens/Desktop/Code/Projects/MomentumFinance/build/MomentumFinance.build/Release-iphoneos/MomentumFinance.build/Objects-normal/arm64/MomentumFinance.SwiftFileList

WriteAuxiliaryFile /Users/danielstevens/Desktop/Code/Projects/MomentumFinance/build/MomentumFinance.build/Release-iphoneos/MomentumFinance.build/Objects-normal/arm64/MomentumFinance.SwiftConstValuesFileList (in target 'MomentumFinance' from project 'MomentumFinance')
    cd /Users/danielstevens/Desktop/Code/Projects/MomentumFinance
    write-file /Users/danielstevens/Desktop/Code/Projects/MomentumFinance/build/MomentumFinance.build/Release-iphoneos/MomentumFinance.build/Objects-normal/arm64/MomentumFinance.SwiftConstValuesFileList

WriteAuxiliaryFile /Users/danielstevens/Desktop/Code/Projects/MomentumFinance/build/MomentumFinance.build/Release-iphoneos/MomentumFinance.build/Objects-normal/arm64/MomentumFinance-OutputFileMap.json (in target 'MomentumFinance' from project 'MomentumFinance')
    cd /Users/danielstevens/Desktop/Code/Projects/MomentumFinance
    write-file /Users/danielstevens/Desktop/Code/Projects/MomentumFinance/build/MomentumFinance.build/Release-iphoneos/MomentumFinance.build/Objects-normal/arm64/MomentumFinance-OutputFileMap.json

WriteAuxiliaryFile /Users/danielstevens/Desktop/Code/Projects/MomentumFinance/build/MomentumFinance.build/Release-iphoneos/MomentumFinance.build/MomentumFinance.hmap (in target 'MomentumFinance' from project 'MomentumFinance')
    cd /Users/danielstevens/Desktop/Code/Projects/MomentumFinance
    write-file /Users/danielstevens/Desktop/Code/Projects/MomentumFinance/build/MomentumFinance.build/Release-iphoneos/MomentumFinance.build/MomentumFinance.hmap

WriteAuxiliaryFile /Users/danielstevens/Desktop/Code/Projects/MomentumFinance/build/MomentumFinance.build/Release-iphoneos/MomentumFinance.build/MomentumFinance.DependencyStaticMetadataFileList (in target 'MomentumFinance' from project 'MomentumFinance')
    cd /Users/danielstevens/Desktop/Code/Projects/MomentumFinance
    write-file /Users/danielstevens/Desktop/Code/Projects/MomentumFinance/build/MomentumFinance.build/Release-iphoneos/MomentumFinance.build/MomentumFinance.DependencyStaticMetadataFileList

WriteAuxiliaryFile /Users/danielstevens/Desktop/Code/Projects/MomentumFinance/build/MomentumFinance.build/Release-iphoneos/MomentumFinance.build/empty-MomentumFinance.plist (in target 'MomentumFinance' from project 'MomentumFinance')
    cd /Users/danielstevens/Desktop/Code/Projects/MomentumFinance
    write-file /Users/danielstevens/Desktop/Code/Projects/MomentumFinance/build/MomentumFinance.build/Release-iphoneos/MomentumFinance.build/empty-MomentumFinance.plist

WriteAuxiliaryFile /Users/danielstevens/Desktop/Code/Projects/MomentumFinance/build/MomentumFinance.build/Release-iphoneos/MomentumFinance.build/Objects-normal/arm64/MomentumFinance.LinkFileList (in target 'MomentumFinance' from project 'MomentumFinance')
    cd /Users/danielstevens/Desktop/Code/Projects/MomentumFinance
    write-file /Users/danielstevens/Desktop/Code/Projects/MomentumFinance/build/MomentumFinance.build/Release-iphoneos/MomentumFinance.build/Objects-normal/arm64/MomentumFinance.LinkFileList

WriteAuxiliaryFile /Users/danielstevens/Desktop/Code/Projects/MomentumFinance/build/MomentumFinance.build/Release-iphoneos/MomentumFinance.build/MomentumFinance.DependencyMetadataFileList (in target 'MomentumFinance' from project 'MomentumFinance')
    cd /Users/danielstevens/Desktop/Code/Projects/MomentumFinance
    write-file /Users/danielstevens/Desktop/Code/Projects/MomentumFinance/build/MomentumFinance.build/Release-iphoneos/MomentumFinance.build/MomentumFinance.DependencyMetadataFileList

WriteAuxiliaryFile /Users/danielstevens/Desktop/Code/Projects/MomentumFinance/build/MomentumFinance.build/Release-iphoneos/MomentumFinance.build/MomentumFinance-project-headers.hmap (in target 'MomentumFinance' from project 'MomentumFinance')
    cd /Users/danielstevens/Desktop/Code/Projects/MomentumFinance
    write-file /Users/danielstevens/Desktop/Code/Projects/MomentumFinance/build/MomentumFinance.build/Release-iphoneos/MomentumFinance.build/MomentumFinance-project-headers.hmap

WriteAuxiliaryFile /Users/danielstevens/Desktop/Code/Projects/MomentumFinance/build/MomentumFinance.build/Release-iphoneos/MomentumFinance.build/MomentumFinance-generated-files.hmap (in target 'MomentumFinance' from project 'MomentumFinance')
    cd /Users/danielstevens/Desktop/Code/Projects/MomentumFinance
    write-file /Users/danielstevens/Desktop/Code/Projects/MomentumFinance/build/MomentumFinance.build/Release-iphoneos/MomentumFinance.build/MomentumFinance-generated-files.hmap

WriteAuxiliaryFile /Users/danielstevens/Desktop/Code/Projects/MomentumFinance/build/MomentumFinance.build/Release-iphoneos/MomentumFinance.build/MomentumFinance-all-target-headers.hmap (in target 'MomentumFinance' from project 'MomentumFinance')
    cd /Users/danielstevens/Desktop/Code/Projects/MomentumFinance
    write-file /Users/danielstevens/Desktop/Code/Projects/MomentumFinance/build/MomentumFinance.build/Release-iphoneos/MomentumFinance.build/MomentumFinance-all-target-headers.hmap

WriteAuxiliaryFile /Users/danielstevens/Desktop/Code/Projects/MomentumFinance/build/MomentumFinance.build/Release-iphoneos/MomentumFinance.build/MomentumFinance-all-non-framework-target-headers.hmap (in target 'MomentumFinance' from project 'MomentumFinance')
    cd /Users/danielstevens/Desktop/Code/Projects/MomentumFinance
    write-file /Users/danielstevens/Desktop/Code/Projects/MomentumFinance/build/MomentumFinance.build/Release-iphoneos/MomentumFinance.build/MomentumFinance-all-non-framework-target-headers.hmap

WriteAuxiliaryFile /Users/danielstevens/Desktop/Code/Projects/MomentumFinance/build/MomentumFinance.build/Release-iphoneos/MomentumFinance.build/MomentumFinance-own-target-headers.hmap (in target 'MomentumFinance' from project 'MomentumFinance')
    cd /Users/danielstevens/Desktop/Code/Projects/MomentumFinance
    write-file /Users/danielstevens/Desktop/Code/Projects/MomentumFinance/build/MomentumFinance.build/Release-iphoneos/MomentumFinance.build/MomentumFinance-own-target-headers.hmap

WriteAuxiliaryFile /Users/danielstevens/Desktop/Code/Projects/MomentumFinance/build/MomentumFinance.build/Release-iphoneos/MomentumFinance.build/DerivedSources/Entitlements.plist (in target 'MomentumFinance' from project 'MomentumFinance')
    cd /Users/danielstevens/Desktop/Code/Projects/MomentumFinance
    write-file /Users/danielstevens/Desktop/Code/Projects/MomentumFinance/build/MomentumFinance.build/Release-iphoneos/MomentumFinance.build/DerivedSources/Entitlements.plist

MkDir /Users/danielstevens/Desktop/Code/Projects/MomentumFinance/build/Release-iphoneos/MomentumFinance.app (in target 'MomentumFinance' from project 'MomentumFinance')
    cd /Users/danielstevens/Desktop/Code/Projects/MomentumFinance
    /bin/mkdir -p /Users/danielstevens/Desktop/Code/Projects/MomentumFinance/build/Release-iphoneos/MomentumFinance.app

ValidateDevelopmentAssets /Users/danielstevens/Desktop/Code/Projects/MomentumFinance/build/MomentumFinance.build/Release-iphoneos/MomentumFinance.build (in target 'MomentumFinance' from project 'MomentumFinance')
    cd /Users/danielstevens/Desktop/Code/Projects/MomentumFinance
    builtin-validate-development-assets --validate YES_ERROR /Users/danielstevens/Desktop/Code/Projects/MomentumFinance/MomentumFinance/Preview\ Content

ProcessProductPackaging /Users/danielstevens/Library/Developer/Xcode/UserData/Provisioning\ Profiles/75176c60-2eb5-48c1-8f7f-a0ae23b499ea.mobileprovision /Users/danielstevens/Desktop/Code/Projects/MomentumFinance/build/Release-iphoneos/MomentumFinance.app/embedded.mobileprovision (in target 'MomentumFinance' from project 'MomentumFinance')
    cd /Users/danielstevens/Desktop/Code/Projects/MomentumFinance
    builtin-productPackagingUtility /Users/danielstevens/Library/Developer/Xcode/UserData/Provisioning\ Profiles/75176c60-2eb5-48c1-8f7f-a0ae23b499ea.mobileprovision -o /Users/danielstevens/Desktop/Code/Projects/MomentumFinance/build/Release-iphoneos/MomentumFinance.app/embedded.mobileprovision

ProcessProductPackaging "" /Users/danielstevens/Desktop/Code/Projects/MomentumFinance/build/MomentumFinance.build/Release-iphoneos/MomentumFinance.build/MomentumFinance.app.xcent (in target 'MomentumFinance' from project 'MomentumFinance')
    cd /Users/danielstevens/Desktop/Code/Projects/MomentumFinance
    
    Entitlements:
    
    {
    "application-identifier" = "3N5528D82R.com.momentumfinance.MomentumFinance";
    "com.apple.developer.team-identifier" = 3N5528D82R;
    "get-task-allow" = 1;
}
    
    builtin-productPackagingUtility -entitlements -format xml -o /Users/danielstevens/Desktop/Code/Projects/MomentumFinance/build/MomentumFinance.build/Release-iphoneos/MomentumFinance.build/MomentumFinance.app.xcent

ProcessProductPackagingDER /Users/danielstevens/Desktop/Code/Projects/MomentumFinance/build/MomentumFinance.build/Release-iphoneos/MomentumFinance.build/MomentumFinance.app.xcent /Users/danielstevens/Desktop/Code/Projects/MomentumFinance/build/MomentumFinance.build/Release-iphoneos/MomentumFinance.build/MomentumFinance.app.xcent.der (in target 'MomentumFinance' from project 'MomentumFinance')
    cd /Users/danielstevens/Desktop/Code/Projects/MomentumFinance
    /usr/bin/derq query -f xml -i /Users/danielstevens/Desktop/Code/Projects/MomentumFinance/build/MomentumFinance.build/Release-iphoneos/MomentumFinance.build/MomentumFinance.app.xcent -o /Users/danielstevens/Desktop/Code/Projects/MomentumFinance/build/MomentumFinance.build/Release-iphoneos/MomentumFinance.build/MomentumFinance.app.xcent.der --raw

MkDir /Users/danielstevens/Desktop/Code/Projects/MomentumFinance/build/MomentumFinance.build/Release-iphoneos/MomentumFinance.build/assetcatalog_output/unthinned (in target 'MomentumFinance' from project 'MomentumFinance')
    cd /Users/danielstevens/Desktop/Code/Projects/MomentumFinance
    /bin/mkdir -p /Users/danielstevens/Desktop/Code/Projects/MomentumFinance/build/MomentumFinance.build/Release-iphoneos/MomentumFinance.build/assetcatalog_output/unthinned

MkDir /Users/danielstevens/Desktop/Code/Projects/MomentumFinance/build/MomentumFinance.build/Release-iphoneos/MomentumFinance.build/assetcatalog_output/thinned (in target 'MomentumFinance' from project 'MomentumFinance')
    cd /Users/danielstevens/Desktop/Code/Projects/MomentumFinance
    /bin/mkdir -p /Users/danielstevens/Desktop/Code/Projects/MomentumFinance/build/MomentumFinance.build/Release-iphoneos/MomentumFinance.build/assetcatalog_output/thinned

GenerateAssetSymbols /Users/danielstevens/Desktop/Code/Projects/MomentumFinance/MomentumFinance/Preview\ Content/Preview\ Assets.xcassets /Users/danielstevens/Desktop/Code/Projects/MomentumFinance/MomentumFinance/Assets.xcassets (in target 'MomentumFinance' from project 'MomentumFinance')
    cd /Users/danielstevens/Desktop/Code/Projects/MomentumFinance
    /Applications/Xcode-beta.app/Contents/Developer/usr/bin/actool /Users/danielstevens/Desktop/Code/Projects/MomentumFinance/MomentumFinance/Preview\ Content/Preview\ Assets.xcassets /Users/danielstevens/Desktop/Code/Projects/MomentumFinance/MomentumFinance/Assets.xcassets --compile /Users/danielstevens/Desktop/Code/Projects/MomentumFinance/build/Release-iphoneos/MomentumFinance.app --output-format human-readable-text --notices --warnings --export-dependency-info /Users/danielstevens/Desktop/Code/Projects/MomentumFinance/build/MomentumFinance.build/Release-iphoneos/MomentumFinance.build/assetcatalog_dependencies --output-partial-info-plist /Users/danielstevens/Desktop/Code/Projects/MomentumFinance/build/MomentumFinance.build/Release-iphoneos/MomentumFinance.build/assetcatalog_generated_info.plist --app-icon AppIcon --accent-color AccentColor --compress-pngs --enable-on-demand-resources YES --development-region en --target-device iphone --target-device ipad --minimum-deployment-target 18.0 --platform iphoneos --bundle-identifier com.momentumfinance.MomentumFinance --generate-swift-asset-symbols /Users/danielstevens/Desktop/Code/Projects/MomentumFinance/build/MomentumFinance.build/Release-iphoneos/MomentumFinance.build/DerivedSources/GeneratedAssetSymbols.swift --generate-objc-asset-symbols /Users/danielstevens/Desktop/Code/Projects/MomentumFinance/build/MomentumFinance.build/Release-iphoneos/MomentumFinance.build/DerivedSources/GeneratedAssetSymbols.h --generate-asset-symbol-index /Users/danielstevens/Desktop/Code/Projects/MomentumFinance/build/MomentumFinance.build/Release-iphoneos/MomentumFinance.build/DerivedSources/GeneratedAssetSymbols-Index.plist
/* com.apple.actool.compilation-results */
/Users/danielstevens/Desktop/Code/Projects/MomentumFinance/build/MomentumFinance.build/Release-iphoneos/MomentumFinance.build/DerivedSources/GeneratedAssetSymbols-Index.plist
/Users/danielstevens/Desktop/Code/Projects/MomentumFinance/build/MomentumFinance.build/Release-iphoneos/MomentumFinance.build/DerivedSources/GeneratedAssetSymbols.h
/Users/danielstevens/Desktop/Code/Projects/MomentumFinance/build/MomentumFinance.build/Release-iphoneos/MomentumFinance.build/DerivedSources/GeneratedAssetSymbols.swift


CompileAssetCatalogVariant thinned /Users/danielstevens/Desktop/Code/Projects/MomentumFinance/build/Release-iphoneos/MomentumFinance.app /Users/danielstevens/Desktop/Code/Projects/MomentumFinance/MomentumFinance/Preview\ Content/Preview\ Assets.xcassets /Users/danielstevens/Desktop/Code/Projects/MomentumFinance/MomentumFinance/Assets.xcassets (in target 'MomentumFinance' from project 'MomentumFinance')
    cd /Users/danielstevens/Desktop/Code/Projects/MomentumFinance
    /Applications/Xcode-beta.app/Contents/Developer/usr/bin/actool /Users/danielstevens/Desktop/Code/Projects/MomentumFinance/MomentumFinance/Preview\ Content/Preview\ Assets.xcassets /Users/danielstevens/Desktop/Code/Projects/MomentumFinance/MomentumFinance/Assets.xcassets --compile /Users/danielstevens/Desktop/Code/Projects/MomentumFinance/build/MomentumFinance.build/Release-iphoneos/MomentumFinance.build/assetcatalog_output/thinned --output-format human-readable-text --notices --warnings --export-dependency-info /Users/danielstevens/Desktop/Code/Projects/MomentumFinance/build/MomentumFinance.build/Release-iphoneos/MomentumFinance.build/assetcatalog_dependencies_thinned --output-partial-info-plist /Users/danielstevens/Desktop/Code/Projects/MomentumFinance/build/MomentumFinance.build/Release-iphoneos/MomentumFinance.build/assetcatalog_generated_info.plist_thinned --app-icon AppIcon --accent-color AccentColor --compress-pngs --enable-on-demand-resources YES --development-region en --target-device iphone --target-device ipad --minimum-deployment-target 18.0 --platform iphoneos
/* com.apple.actool.compilation-results */
/Users/danielstevens/Desktop/Code/Projects/MomentumFinance/build/MomentumFinance.build/Release-iphoneos/MomentumFinance.build/assetcatalog_generated_info.plist_thinned


LinkAssetCatalog /Users/danielstevens/Desktop/Code/Projects/MomentumFinance/MomentumFinance/Preview\ Content/Preview\ Assets.xcassets /Users/danielstevens/Desktop/Code/Projects/MomentumFinance/MomentumFinance/Assets.xcassets (in target 'MomentumFinance' from project 'MomentumFinance')
    cd /Users/danielstevens/Desktop/Code/Projects/MomentumFinance
    builtin-linkAssetCatalog --thinned /Users/danielstevens/Desktop/Code/Projects/MomentumFinance/build/MomentumFinance.build/Release-iphoneos/MomentumFinance.build/assetcatalog_output/thinned --thinned-dependencies /Users/danielstevens/Desktop/Code/Projects/MomentumFinance/build/MomentumFinance.build/Release-iphoneos/MomentumFinance.build/assetcatalog_dependencies_thinned --thinned-info-plist-content /Users/danielstevens/Desktop/Code/Projects/MomentumFinance/build/MomentumFinance.build/Release-iphoneos/MomentumFinance.build/assetcatalog_generated_info.plist_thinned --unthinned /Users/danielstevens/Desktop/Code/Projects/MomentumFinance/build/MomentumFinance.build/Release-iphoneos/MomentumFinance.build/assetcatalog_output/unthinned --unthinned-dependencies /Users/danielstevens/Desktop/Code/Projects/MomentumFinance/build/MomentumFinance.build/Release-iphoneos/MomentumFinance.build/assetcatalog_dependencies_unthinned --unthinned-info-plist-content /Users/danielstevens/Desktop/Code/Projects/MomentumFinance/build/MomentumFinance.build/Release-iphoneos/MomentumFinance.build/assetcatalog_generated_info.plist_unthinned --output /Users/danielstevens/Desktop/Code/Projects/MomentumFinance/build/Release-iphoneos/MomentumFinance.app --plist-output /Users/danielstevens/Desktop/Code/Projects/MomentumFinance/build/MomentumFinance.build/Release-iphoneos/MomentumFinance.build/assetcatalog_generated_info.plist

ProcessInfoPlistFile /Users/danielstevens/Desktop/Code/Projects/MomentumFinance/build/Release-iphoneos/MomentumFinance.app/Info.plist /Users/danielstevens/Desktop/Code/Projects/MomentumFinance/build/MomentumFinance.build/Release-iphoneos/MomentumFinance.build/empty-MomentumFinance.plist (in target 'MomentumFinance' from project 'MomentumFinance')
    cd /Users/danielstevens/Desktop/Code/Projects/MomentumFinance
    builtin-infoPlistUtility /Users/danielstevens/Desktop/Code/Projects/MomentumFinance/build/MomentumFinance.build/Release-iphoneos/MomentumFinance.build/empty-MomentumFinance.plist -producttype com.apple.product-type.application -genpkginfo /Users/danielstevens/Desktop/Code/Projects/MomentumFinance/build/Release-iphoneos/MomentumFinance.app/PkgInfo -expandbuildsettings -format binary -platform iphoneos -additionalcontentfile /Users/danielstevens/Desktop/Code/Projects/MomentumFinance/build/MomentumFinance.build/Release-iphoneos/MomentumFinance.build/assetcatalog_generated_info.plist -requiredArchitecture arm64 -o /Users/danielstevens/Desktop/Code/Projects/MomentumFinance/build/Release-iphoneos/MomentumFinance.app/Info.plist

SwiftDriver MomentumFinance normal arm64 com.apple.xcode.tools.swift.compiler (in target 'MomentumFinance' from project 'MomentumFinance')
    cd /Users/danielstevens/Desktop/Code/Projects/MomentumFinance
    builtin-SwiftDriver -- /Applications/Xcode-beta.app/Contents/Developer/Toolchains/XcodeDefault.xctoolchain/usr/bin/swiftc -module-name MomentumFinance -O -whole-module-optimization -enforce-exclusivity\=checked @/Users/danielstevens/Desktop/Code/Projects/MomentumFinance/build/MomentumFinance.build/Release-iphoneos/MomentumFinance.build/Objects-normal/arm64/MomentumFinance.SwiftFileList -enable-experimental-feature DebugDescriptionMacro -sdk /Applications/Xcode-beta.app/Contents/Developer/Platforms/iPhoneOS.platform/Developer/SDKs/iPhoneOS26.0.sdk -target arm64-apple-ios18.0 -g -Xfrontend -serialize-debugging-options -swift-version 6 -I /Users/danielstevens/Desktop/Code/Projects/MomentumFinance/build/Release-iphoneos -F /Users/danielstevens/Desktop/Code/Projects/MomentumFinance/build/Release-iphoneos -emit-localized-strings -emit-localized-strings-path /Users/danielstevens/Desktop/Code/Projects/MomentumFinance/build/MomentumFinance.build/Release-iphoneos/MomentumFinance.build/Objects-normal/arm64 -c -num-threads 10 -Xcc -ivfsstatcache -Xcc /var/folders/5d/2rv91jzx16j4g9knxlbqh9rm0000gn/C/com.apple.DeveloperTools/26.0-17A5241e/Xcode/SDKStatCaches.noindex/iphoneos26.0-23A5260k-6e34d0abcd5d556b4ff52abc730e661d.sdkstatcache -output-file-map /Users/danielstevens/Desktop/Code/Projects/MomentumFinance/build/MomentumFinance.build/Release-iphoneos/MomentumFinance.build/Objects-normal/arm64/MomentumFinance-OutputFileMap.json -use-frontend-parseable-output -save-temps -no-color-diagnostics -explicit-module-build -module-cache-path /Users/danielstevens/Desktop/Code/Projects/MomentumFinance/build/SwiftExplicitPrecompiledModules -serialize-diagnostics -emit-dependencies -emit-module -emit-module-path /Users/danielstevens/Desktop/Code/Projects/MomentumFinance/build/MomentumFinance.build/Release-iphoneos/MomentumFinance.build/Objects-normal/arm64/MomentumFinance.swiftmodule -validate-clang-modules-once -clang-build-session-file /var/folders/5d/2rv91jzx16j4g9knxlbqh9rm0000gn/C/org.llvm.clang/ModuleCache.noindex/Session.modulevalidation -Xcc -I/Users/danielstevens/Desktop/Code/Projects/MomentumFinance/build/MomentumFinance.build/Release-iphoneos/MomentumFinance.build/swift-overrides.hmap -emit-const-values -Xfrontend -const-gather-protocols-file -Xfrontend /Users/danielstevens/Desktop/Code/Projects/MomentumFinance/build/MomentumFinance.build/Release-iphoneos/MomentumFinance.build/Objects-normal/arm64/MomentumFinance_const_extract_protocols.json -Xcc -iquote -Xcc /Users/danielstevens/Desktop/Code/Projects/MomentumFinance/build/MomentumFinance.build/Release-iphoneos/MomentumFinance.build/MomentumFinance-generated-files.hmap -Xcc -I/Users/danielstevens/Desktop/Code/Projects/MomentumFinance/build/MomentumFinance.build/Release-iphoneos/MomentumFinance.build/MomentumFinance-own-target-headers.hmap -Xcc -I/Users/danielstevens/Desktop/Code/Projects/MomentumFinance/build/MomentumFinance.build/Release-iphoneos/MomentumFinance.build/MomentumFinance-all-target-headers.hmap -Xcc -iquote -Xcc /Users/danielstevens/Desktop/Code/Projects/MomentumFinance/build/MomentumFinance.build/Release-iphoneos/MomentumFinance.build/MomentumFinance-project-headers.hmap -Xcc -I/Users/danielstevens/Desktop/Code/Projects/MomentumFinance/build/Release-iphoneos/include -Xcc -I/Users/danielstevens/Desktop/Code/Projects/MomentumFinance/build/MomentumFinance.build/Release-iphoneos/MomentumFinance.build/DerivedSources-normal/arm64 -Xcc -I/Users/danielstevens/Desktop/Code/Projects/MomentumFinance/build/MomentumFinance.build/Release-iphoneos/MomentumFinance.build/DerivedSources/arm64 -Xcc -I/Users/danielstevens/Desktop/Code/Projects/MomentumFinance/build/MomentumFinance.build/Release-iphoneos/MomentumFinance.build/DerivedSources -emit-objc-header -emit-objc-header-path /Users/danielstevens/Desktop/Code/Projects/MomentumFinance/build/MomentumFinance.build/Release-iphoneos/MomentumFinance.build/Objects-normal/arm64/MomentumFinance-Swift.h -working-directory /Users/danielstevens/Desktop/Code/Projects/MomentumFinance -no-emit-module-separately-wmo
/Users/danielstevens/Desktop/Code/Projects/MomentumFinance/Shared/Features/Dashboard/DashboardView.swift:3:8: error: Unable to find module dependency: 'Features'
import Features // Ensure Features namespace is available
       ^ (in target 'MomentumFinance' from project 'MomentumFinance')
/Users/danielstevens/Desktop/Code/Projects/MomentumFinance/Shared/Features/Dashboard/DashboardView.swift:3:8: note: A dependency of main module 'MomentumFinance'
import Features // Ensure Features namespace is available
       ^ (in target 'MomentumFinance' from project 'MomentumFinance')
/Users/danielstevens/Desktop/Code/Projects/MomentumFinance/Shared/Features/Dashboard/DashboardView.swift:4:8: note: Also imported here
import Features.Dashboard // If DashboardViewModel is in this namespace
       ^ (in target 'MomentumFinance' from project 'MomentumFinance')

