Linting Swift files in current working directory
Linting 'HabitLog.swift' (2/33)
Linting 'PlayerProfile.swift' (1/33)
Linting 'StreakMilestone.swift' (3/33)
Linting 'Achievement.swift' (4/33)
Linting 'Habit.swift' (5/33)
Linting 'ErrorHandler.swift' (7/33)
Linting 'SharedAnalyticsComponents.swift' (8/33)
Linting 'Logger.swift' (6/33)
Linting 'AdvancedAnalyticsEngine.swift' (9/33)
Linting 'SmartNotificationService.swift' (10/33)
/Users/danielstevens/Desktop/Code/Projects/HabitQuest/HabitQuest/Core/Models/Habit.swift:49:1: warning: Line Length Violation: Line should be 120 characters or less; currently it has 168 characters (line_length)
Linting 'StreakService.swift' (11/33)
Linting 'GameRules.swift' (12/33)
/Users/danielstevens/Desktop/Code/Projects/HabitQuest/HabitQuest/Core/Views/SharedAnalyticsComponents.swift:545:1: warning: File Length Violation: File should contain 400 lines or less: currently contains 545 (file_length)
/Users/danielstevens/Desktop/Code/Projects/HabitQuest/HabitQuest/Core/Views/SharedAnalyticsComponents.swift:18:14: warning: Identifier Name Violation: Enum element name 'up' should be between 3 and 40 characters long (identifier_name)
/Users/danielstevens/Desktop/Code/Projects/HabitQuest/HabitQuest/Core/Views/SharedAnalyticsComponents.swift:439:1: warning: Line Length Violation: Line should be 120 characters or less; currently it has 123 characters (line_length)
Linting 'NotificationService.swift' (13/33)
Linting 'DataExportService.swift' (14/33)
/Users/danielstevens/Desktop/Code/Projects/HabitQuest/HabitQuest/Core/Utilities/Logger.swift:13:14: warning: Identifier Name Violation: Enum element name 'ui' should be between 3 and 40 characters long (identifier_name)
Linting 'AnalyticsService.swift' (15/33)
Linting 'AchievementService.swift' (16/33)
/Users/danielstevens/Desktop/Code/Projects/HabitQuest/HabitQuest/Core/Services/SmartNotificationService.swift:402:1: warning: File Length Violation: File should contain 400 lines or less: currently contains 402 (file_length)
/Users/danielstevens/Desktop/Code/Projects/HabitQuest/HabitQuest/Core/Models/HabitLog.swift:17:1: warning: Line Length Violation: Line should be 120 characters or less; currently it has 128 characters (line_length)
Linting 'Item.swift' (17/33)
Linting 'QuestLogView.swift' (18/33)
Linting 'QuestLogViewModel.swift' (19/33)
/Users/danielstevens/Desktop/Code/Projects/HabitQuest/HabitQuest/Core/Services/DataExportService.swift:60:17: warning: Function Body Length Violation: Function body should span 50 lines or less excluding comments and whitespace: currently spans 64 lines (function_body_length)
/Users/danielstevens/Desktop/Code/Projects/HabitQuest/HabitQuest/Core/Services/DataExportService.swift:149:17: warning: Function Body Length Violation: Function body should span 50 lines or less excluding comments and whitespace: currently spans 56 lines (function_body_length)
/Users/danielstevens/Desktop/Code/Projects/HabitQuest/HabitQuest/Core/Services/DataExportService.swift:204:1: warning: Line Length Violation: Line should be 120 characters or less; currently it has 127 characters (line_length)
/Users/danielstevens/Desktop/Code/Projects/HabitQuest/HabitQuest/Core/Services/DataExportService.swift:20:9: warning: Nesting Violation: Types should be nested at most 1 level deep (nesting)
/Users/danielstevens/Desktop/Code/Projects/HabitQuest/HabitQuest/Core/Services/DataExportService.swift:28:9: warning: Nesting Violation: Types should be nested at most 1 level deep (nesting)
/Users/danielstevens/Desktop/Code/Projects/HabitQuest/HabitQuest/Core/Services/DataExportService.swift:38:9: warning: Nesting Violation: Types should be nested at most 1 level deep (nesting)
/Users/danielstevens/Desktop/Code/Projects/HabitQuest/HabitQuest/Core/Services/DataExportService.swift:43:9: warning: Nesting Violation: Types should be nested at most 1 level deep (nesting)
/Users/danielstevens/Desktop/Code/Projects/HabitQuest/HabitQuest/Core/Services/AnalyticsService.swift:495:1: warning: File Length Violation: File should contain 400 lines or less: currently contains 495 (file_length)
/Users/danielstevens/Desktop/Code/Projects/HabitQuest/HabitQuest/Core/Services/AnalyticsService.swift:53:1: warning: Line Length Violation: Line should be 120 characters or less; currently it has 127 characters (line_length)
/Users/danielstevens/Desktop/Code/Projects/HabitQuest/HabitQuest/Core/Services/AnalyticsService.swift:172:1: warning: Line Length Violation: Line should be 120 characters or less; currently it has 135 characters (line_length)
Linting 'StreakHeatMapView.swift' (21/33)
Linting 'StreakVisualizationView.swift' (20/33)
Linting 'DataManagementView.swift' (22/33)
Linting 'DataManagementViewModel.swift' (23/33)
Linting 'ProfileView.swift' (24/33)
/Users/danielstevens/Desktop/Code/Projects/HabitQuest/HabitQuest/Core/Services/NotificationService.swift:154:1: warning: Line Length Violation: Line should be 120 characters or less; currently it has 141 characters (line_length)
Linting 'ProfileViewModel.swift' (25/33)
/Users/danielstevens/Desktop/Code/Projects/HabitQuest/HabitQuest/Core/Services/GameRules.swift:81:1: warning: Line Length Violation: Line should be 120 characters or less; currently it has 132 characters (line_length)
/Users/danielstevens/Desktop/Code/Projects/HabitQuest/HabitQuest/Core/Services/GameRules.swift:85:1: warning: Line Length Violation: Line should be 120 characters or less; currently it has 140 characters (line_length)
/Users/danielstevens/Desktop/Code/Projects/HabitQuest/HabitQuest/Core/Services/GameRules.swift:90:1: warning: Line Length Violation: Line should be 120 characters or less; currently it has 132 characters (line_length)
Linting 'AnalyticsTestView.swift' (26/33)
/Users/danielstevens/Desktop/Code/Projects/HabitQuest/HabitQuest/Core/Services/AchievementService.swift:266:1: warning: Line Length Violation: Line should be 120 characters or less; currently it has 143 characters (line_length)
/Users/danielstevens/Desktop/Code/Projects/HabitQuest/HabitQuest/Core/Services/AchievementService.swift:311:1: warning: Line Length Violation: Line should be 120 characters or less; currently it has 145 characters (line_length)
/Users/danielstevens/Desktop/Code/Projects/HabitQuest/HabitQuest/Core/Services/AchievementService.swift:9:5: warning: Orphaned Doc Comment Violation: A doc comment should be attached to a declaration (orphaned_doc_comment)
/Users/danielstevens/Desktop/Code/Projects/HabitQuest/HabitQuest/Core/Services/AchievementService.swift:6:1: warning: Type Body Length Violation: Type body should span 250 lines or less excluding comments and whitespace: currently spans 251 lines (type_body_length)
/Users/danielstevens/Desktop/Code/Projects/HabitQuest/HabitQuest/Features/StreakVisualization/StreakVisualizationView.swift:424:1: warning: File Length Violation: File should contain 400 lines or less: currently contains 424 (file_length)
/Users/danielstevens/Desktop/Code/Projects/HabitQuest/HabitQuest/Features/StreakVisualization/StreakVisualizationView.swift:140:1: warning: Line Length Violation: Line should be 120 characters or less; currently it has 141 characters (line_length)
Linting 'TodaysQuestsViewModel.swift' (27/33)
Linting 'TodaysQuestsView.swift' (28/33)
Linting 'StreakAnalyticsView.swift' (29/33)
/Users/danielstevens/Desktop/Code/Projects/HabitQuest/HabitQuest/Features/DataManagement/DataManagementView.swift:93:1: warning: Line Length Violation: Line should be 120 characters or less; currently it has 127 characters (line_length)
Linting 'AppMainView.swift' (30/33)
Linting 'ContentView.swift' (31/33)
/Users/danielstevens/Desktop/Code/Projects/HabitQuest/HabitQuest/Features/CharacterProfile/ProfileView.swift:679:1: warning: File Length Violation: File should contain 400 lines or less: currently contains 679 (file_length)
/Users/danielstevens/Desktop/Code/Projects/HabitQuest/HabitQuest/Features/CharacterProfile/ProfileView.swift:415:1: warning: Line Length Violation: Line should be 120 characters or less; currently it has 122 characters (line_length)
/Users/danielstevens/Desktop/Code/Projects/HabitQuest/HabitQuest/Features/CharacterProfile/ProfileView.swift:42:24: warning: Multiple Closures with Trailing Closure Violation: Trailing closure syntax should not be used when passing more than one closure argument (multiple_closures_with_trailing_closure)
Linting 'HabitQuestApp.swift' (32/33)
Linting 'HabitQuestTests.swift' (33/33)
/Users/danielstevens/Desktop/Code/Projects/HabitQuest/HabitQuest/Features/StreakAnalytics/StreakAnalyticsView.swift:466:1: warning: File Length Violation: File should contain 400 lines or less: currently contains 466 (file_length)
/Users/danielstevens/Desktop/Code/Projects/HabitQuest/HabitQuest/Features/StreakAnalytics/StreakAnalyticsView.swift:351:1: warning: Line Length Violation: Line should be 120 characters or less; currently it has 145 characters (line_length)
/Users/danielstevens/Desktop/Code/Projects/HabitQuest/HabitQuest/Features/StreakAnalytics/StreakAnalyticsView.swift:5:1: warning: Type Body Length Violation: Type body should span 250 lines or less excluding comments and whitespace: currently spans 340 lines (type_body_length)
/Users/danielstevens/Desktop/Code/Projects/HabitQuest/HabitQuest/Features/AnalyticsTest/AnalyticsTestView.swift:160:18: warning: Function Body Length Violation: Function body should span 50 lines or less excluding comments and whitespace: currently spans 53 lines (function_body_length)
/Users/danielstevens/Desktop/Code/Projects/HabitQuest/HabitQuest/Features/TodaysQuests/TodaysQuestsView.swift:224:1: warning: Line Length Violation: Line should be 120 characters or less; currently it has 124 characters (line_length)
/Users/danielstevens/Desktop/Code/Projects/HabitQuest/HabitQuest/Core/Services/AdvancedAnalyticsEngine.swift:456:1: warning: File Length Violation: File should contain 400 lines or less: currently contains 456 (file_length)
/Users/danielstevens/Desktop/Code/Projects/HabitQuest/HabitQuest/Core/Services/AdvancedAnalyticsEngine.swift:6:7: warning: Type Body Length Violation: Type body should span 250 lines or less excluding comments and whitespace: currently spans 284 lines (type_body_length)
Done linting! Found 38 violations, 0 serious in 33 files.
